[+] Containers:
 |- [+] Container: /Game/Casa
 |   |- [+] ActorDescs:
 |   |   |- Guid:15A04B5F4121A06A1AAE3F84D95DB52C NativeClass:/Script/Engine.SpotLight Name:SpotLight_UAID_F02F7430750225B402_1610188091 Label:SpotLight SpatiallyLoaded:true EditorBounds:IsValid=true, Min=(X=-1405.082 Y=724.918 Z=-900.164), Max=(X=-14.918 Y=2115.082 Z=490.000) RuntimeBounds:IsValid=true, Min=(X=-1405.082 Y=724.918 Z=-900.164), Max=(X=-14.918 Y=2115.082 Z=490.000) RuntimeGrid:None EditorOnly:false RuntimeOnly:false HLODRelevant:false ListedInSceneOutliner:true IsMainWorldOnly:false
 |   |   |- Guid:24518D5B4FC2EFB068C564AEC1F6BDC2 NativeClass:/Script/Engine.StaticMeshActor Name:StaticMeshActor_UAID_F02F7430750225B402_1297815089 Label:Box SpatiallyLoaded:true EditorBounds:IsValid=true, Min=(X=-880.000 Y=3010.000 Z=0.000), Max=(X=-780.000 Y=3110.000 Z=100.000) RuntimeBounds:IsValid=true, Min=(X=-880.000 Y=3010.000 Z=0.000), Max=(X=-780.000 Y=3110.000 Z=100.000) RuntimeGrid:None EditorOnly:false RuntimeOnly:false HLODRelevant:true ListedInSceneOutliner:true IsMainWorldOnly:false
 |   |   |- Guid:4A9A1E8E0DC332D889E83EB02F9F0686 NativeClass:/Script/Engine.PlayerStart Name:PlayerStart_0 Label:PlayerStart SpatiallyLoaded:false EditorBounds:IsValid=true, Min=(X=-1028.000 Y=1472.000 Z=74.013), Max=(X=-660.000 Y=1728.000 Z=330.013) RuntimeBounds:IsValid=true, Min=(X=-940.000 Y=1560.000 Z=110.013), Max=(X=-860.000 Y=1640.000 Z=294.013) RuntimeGrid:None EditorOnly:false RuntimeOnly:false HLODRelevant:false ListedInSceneOutliner:true IsMainWorldOnly:false
 |   |   |- Guid:6F79EC7144E2D5F0FEDA0A9DC5E5DDD4 NativeClass:/Script/Engine.StaticMeshActor Name:StaticMeshActor_UAID_F02F7430750225B402_1456579090 Label:CubeGridToolOutput SpatiallyLoaded:true EditorBounds:IsValid=true, Min=(X=-1100.000 Y=300.000 Z=-0.000), Max=(X=-300.000 Y=2000.000 Z=700.000) RuntimeBounds:IsValid=true, Min=(X=-1100.000 Y=300.000 Z=-0.000), Max=(X=-300.000 Y=2000.000 Z=700.000) RuntimeGrid:None EditorOnly:false RuntimeOnly:false HLODRelevant:true ListedInSceneOutliner:true IsMainWorldOnly:false
 |   |   |- Guid:80144FA6241A37C092B340180932EAD9 NativeClass:/Script/Engine.SkyAtmosphere Name:SkyAtmosphere_UAID_D843AE21A70AC3A302_2025675943 Label:SkyAtmosphere2 SpatiallyLoaded:false EditorBounds:IsValid=true, Min=(X=272.000 Y=1952.000 Z=652.000), Max=(X=640.000 Y=2208.000 Z=908.000) RuntimeBounds:IsValid=true, Min=(X=400.000 Y=2080.000 Z=780.000), Max=(X=400.000 Y=2080.000 Z=780.000) RuntimeGrid:None EditorOnly:false RuntimeOnly:false HLODRelevant:false ListedInSceneOutliner:true IsMainWorldOnly:false
 |   |   |- Guid:AC98DD1312EB3C869823295D9625069C NativeClass:/Script/Engine.WorldDataLayers Name:WorldDataLayers Label:WorldDataLayers SpatiallyLoaded:false EditorBounds:IsValid=false, Min=(X=0.000 Y=0.000 Z=0.000), Max=(X=0.000 Y=0.000 Z=0.000) RuntimeBounds:IsValid=false, Min=(X=0.000 Y=0.000 Z=0.000), Max=(X=0.000 Y=0.000 Z=0.000) RuntimeGrid:None EditorOnly:false RuntimeOnly:false HLODRelevant:false ListedInSceneOutliner:true IsMainWorldOnly:true
 |   |   |- Guid:B43A262847C4829232FDC99C68688041 NativeClass:/Script/Engine.StaticMeshActor Name:StaticMeshActor_UAID_F02F7430750225B402_1083674088 Label:Cube SpatiallyLoaded:true EditorBounds:IsValid=true, Min=(X=607.500 Y=152.500 Z=570.000), Max=(X=3432.500 Y=2727.500 Z=670.000) RuntimeBounds:IsValid=true, Min=(X=607.500 Y=152.500 Z=570.000), Max=(X=3432.500 Y=2727.500 Z=670.000) RuntimeGrid:None EditorOnly:false RuntimeOnly:false HLODRelevant:true ListedInSceneOutliner:true IsMainWorldOnly:false
 |   |   |- Guid:DADC3DFEE1993D1C894ABE584D08FBC8 NativeClass:/Script/Engine.PostProcessVolume Name:PostProcessVolume_UAID_D843AE21A70ABEA302_2019764064 Label:PostProcessVolume2 SpatiallyLoaded:true EditorBounds:IsValid=true, Min=(X=-7905.000 Y=-6965.000 Z=-865.000), Max=(X=8845.000 Y=5485.000 Z=4985.000) RuntimeBounds:IsValid=true, Min=(X=-7905.000 Y=-6965.000 Z=-865.000), Max=(X=8845.000 Y=5485.000 Z=4985.000) RuntimeGrid:None EditorOnly:false RuntimeOnly:false HLODRelevant:false ListedInSceneOutliner:true IsMainWorldOnly:false
 |   |   |- Guid:E8CED2E968B630AB9C081F14C1670F3E NativeClass:/Script/Engine.LocalFogVolume Name:LocalFogVolume_UAID_D843AE21A70AC3A302_2093592944 Label:LocalFogVolume SpatiallyLoaded:false EditorBounds:IsValid=true, Min=(X=1654.000 Y=1824.000 Z=-296.000), Max=(X=2166.000 Y=2336.000 Z=216.000) RuntimeBounds:IsValid=true, Min=(X=1910.000 Y=2080.000 Z=-40.000), Max=(X=1910.000 Y=2080.000 Z=-40.000) RuntimeGrid:None EditorOnly:false RuntimeOnly:false HLODRelevant:false ListedInSceneOutliner:true IsMainWorldOnly:false
 |   |   |- Guid:EF913CD94BDE92C6B63B3C8E0ED8AD15 NativeClass:/Script/Engine.DirectionalLight Name:DirectionalLight_UAID_F02F7430750224B402_2132410911 Label:DirectionalLight SpatiallyLoaded:false EditorBounds:IsValid=false, Min=(X=0.000 Y=0.000 Z=0.000), Max=(X=0.000 Y=0.000 Z=0.000) RuntimeBounds:IsValid=false, Min=(X=0.000 Y=0.000 Z=0.000), Max=(X=0.000 Y=0.000 Z=0.000) RuntimeGrid:None EditorOnly:false RuntimeOnly:false HLODRelevant:false ListedInSceneOutliner:true IsMainWorldOnly:false
 |   |   |- Guid:F270ED92FC183874B336F7BCA5F730E4 NativeClass:/Script/Engine.TextRenderActor Name:TextRenderActor_1 Label:TextRenderActor SpatiallyLoaded:true EditorBounds:IsValid=true, Min=(X=-128.100 Y=972.000 Z=12.013), Max=(X=127.900 Y=2363.461 Z=268.013) RuntimeBounds:IsValid=true, Min=(X=-0.100 Y=1100.000 Z=65.013), Max=(X=-0.100 Y=2363.461 Z=215.013) RuntimeGrid:None EditorOnly:false RuntimeOnly:false HLODRelevant:false ListedInSceneOutliner:true IsMainWorldOnly:false
 |   |- [+] Clusters:
 |   |   |- [+] [  0]
 |   |   |   |- Guid:15A04B5F4121A06A1AAE3F84D95DB52C NativeClass:/Script/Engine.SpotLight Name:SpotLight_UAID_F02F7430750225B402_1610188091 Label:SpotLight SpatiallyLoaded:true EditorBounds:IsValid=true, Min=(X=-1405.082 Y=724.918 Z=-900.164), Max=(X=-14.918 Y=2115.082 Z=490.000) RuntimeBounds:IsValid=true, Min=(X=-1405.082 Y=724.918 Z=-900.164), Max=(X=-14.918 Y=2115.082 Z=490.000) RuntimeGrid:None EditorOnly:false RuntimeOnly:false HLODRelevant:false ListedInSceneOutliner:true IsMainWorldOnly:false
 |   |   |- [+] [  1]
 |   |   |   |- Guid:24518D5B4FC2EFB068C564AEC1F6BDC2 NativeClass:/Script/Engine.StaticMeshActor Name:StaticMeshActor_UAID_F02F7430750225B402_1297815089 Label:Box SpatiallyLoaded:true EditorBounds:IsValid=true, Min=(X=-880.000 Y=3010.000 Z=0.000), Max=(X=-780.000 Y=3110.000 Z=100.000) RuntimeBounds:IsValid=true, Min=(X=-880.000 Y=3010.000 Z=0.000), Max=(X=-780.000 Y=3110.000 Z=100.000) RuntimeGrid:None EditorOnly:false RuntimeOnly:false HLODRelevant:true ListedInSceneOutliner:true IsMainWorldOnly:false
 |   |   |- [+] [  2]
 |   |   |   |- Guid:4A9A1E8E0DC332D889E83EB02F9F0686 NativeClass:/Script/Engine.PlayerStart Name:PlayerStart_0 Label:PlayerStart SpatiallyLoaded:false EditorBounds:IsValid=true, Min=(X=-1028.000 Y=1472.000 Z=74.013), Max=(X=-660.000 Y=1728.000 Z=330.013) RuntimeBounds:IsValid=true, Min=(X=-940.000 Y=1560.000 Z=110.013), Max=(X=-860.000 Y=1640.000 Z=294.013) RuntimeGrid:None EditorOnly:false RuntimeOnly:false HLODRelevant:false ListedInSceneOutliner:true IsMainWorldOnly:false
 |   |   |- [+] [  3]
 |   |   |   |- Guid:6F79EC7144E2D5F0FEDA0A9DC5E5DDD4 NativeClass:/Script/Engine.StaticMeshActor Name:StaticMeshActor_UAID_F02F7430750225B402_1456579090 Label:CubeGridToolOutput SpatiallyLoaded:true EditorBounds:IsValid=true, Min=(X=-1100.000 Y=300.000 Z=-0.000), Max=(X=-300.000 Y=2000.000 Z=700.000) RuntimeBounds:IsValid=true, Min=(X=-1100.000 Y=300.000 Z=-0.000), Max=(X=-300.000 Y=2000.000 Z=700.000) RuntimeGrid:None EditorOnly:false RuntimeOnly:false HLODRelevant:true ListedInSceneOutliner:true IsMainWorldOnly:false
 |   |   |- [+] [  4]
 |   |   |   |- Guid:80144FA6241A37C092B340180932EAD9 NativeClass:/Script/Engine.SkyAtmosphere Name:SkyAtmosphere_UAID_D843AE21A70AC3A302_2025675943 Label:SkyAtmosphere2 SpatiallyLoaded:false EditorBounds:IsValid=true, Min=(X=272.000 Y=1952.000 Z=652.000), Max=(X=640.000 Y=2208.000 Z=908.000) RuntimeBounds:IsValid=true, Min=(X=400.000 Y=2080.000 Z=780.000), Max=(X=400.000 Y=2080.000 Z=780.000) RuntimeGrid:None EditorOnly:false RuntimeOnly:false HLODRelevant:false ListedInSceneOutliner:true IsMainWorldOnly:false
 |   |   |- [+] [  5]
 |   |   |   |- Guid:AC98DD1312EB3C869823295D9625069C NativeClass:/Script/Engine.WorldDataLayers Name:WorldDataLayers Label:WorldDataLayers SpatiallyLoaded:false EditorBounds:IsValid=false, Min=(X=0.000 Y=0.000 Z=0.000), Max=(X=0.000 Y=0.000 Z=0.000) RuntimeBounds:IsValid=false, Min=(X=0.000 Y=0.000 Z=0.000), Max=(X=0.000 Y=0.000 Z=0.000) RuntimeGrid:None EditorOnly:false RuntimeOnly:false HLODRelevant:false ListedInSceneOutliner:true IsMainWorldOnly:true
 |   |   |- [+] [  6]
 |   |   |   |- Guid:B43A262847C4829232FDC99C68688041 NativeClass:/Script/Engine.StaticMeshActor Name:StaticMeshActor_UAID_F02F7430750225B402_1083674088 Label:Cube SpatiallyLoaded:true EditorBounds:IsValid=true, Min=(X=607.500 Y=152.500 Z=570.000), Max=(X=3432.500 Y=2727.500 Z=670.000) RuntimeBounds:IsValid=true, Min=(X=607.500 Y=152.500 Z=570.000), Max=(X=3432.500 Y=2727.500 Z=670.000) RuntimeGrid:None EditorOnly:false RuntimeOnly:false HLODRelevant:true ListedInSceneOutliner:true IsMainWorldOnly:false
 |   |   |- [+] [  7]
 |   |   |   |- Guid:DADC3DFEE1993D1C894ABE584D08FBC8 NativeClass:/Script/Engine.PostProcessVolume Name:PostProcessVolume_UAID_D843AE21A70ABEA302_2019764064 Label:PostProcessVolume2 SpatiallyLoaded:true EditorBounds:IsValid=true, Min=(X=-7905.000 Y=-6965.000 Z=-865.000), Max=(X=8845.000 Y=5485.000 Z=4985.000) RuntimeBounds:IsValid=true, Min=(X=-7905.000 Y=-6965.000 Z=-865.000), Max=(X=8845.000 Y=5485.000 Z=4985.000) RuntimeGrid:None EditorOnly:false RuntimeOnly:false HLODRelevant:false ListedInSceneOutliner:true IsMainWorldOnly:false
 |   |   |- [+] [  8]
 |   |   |   |- Guid:E8CED2E968B630AB9C081F14C1670F3E NativeClass:/Script/Engine.LocalFogVolume Name:LocalFogVolume_UAID_D843AE21A70AC3A302_2093592944 Label:LocalFogVolume SpatiallyLoaded:false EditorBounds:IsValid=true, Min=(X=1654.000 Y=1824.000 Z=-296.000), Max=(X=2166.000 Y=2336.000 Z=216.000) RuntimeBounds:IsValid=true, Min=(X=1910.000 Y=2080.000 Z=-40.000), Max=(X=1910.000 Y=2080.000 Z=-40.000) RuntimeGrid:None EditorOnly:false RuntimeOnly:false HLODRelevant:false ListedInSceneOutliner:true IsMainWorldOnly:false
 |   |   |- [+] [  9]
 |   |   |   |- Guid:EF913CD94BDE92C6B63B3C8E0ED8AD15 NativeClass:/Script/Engine.DirectionalLight Name:DirectionalLight_UAID_F02F7430750224B402_2132410911 Label:DirectionalLight SpatiallyLoaded:false EditorBounds:IsValid=false, Min=(X=0.000 Y=0.000 Z=0.000), Max=(X=0.000 Y=0.000 Z=0.000) RuntimeBounds:IsValid=false, Min=(X=0.000 Y=0.000 Z=0.000), Max=(X=0.000 Y=0.000 Z=0.000) RuntimeGrid:None EditorOnly:false RuntimeOnly:false HLODRelevant:false ListedInSceneOutliner:true IsMainWorldOnly:false
 |   |   |- [+] [ 10]
 |   |   |   |- Guid:F270ED92FC183874B336F7BCA5F730E4 NativeClass:/Script/Engine.TextRenderActor Name:TextRenderActor_1 Label:TextRenderActor SpatiallyLoaded:true EditorBounds:IsValid=true, Min=(X=-128.100 Y=972.000 Z=12.013), Max=(X=127.900 Y=2363.461 Z=268.013) RuntimeBounds:IsValid=true, Min=(X=-0.100 Y=1100.000 Z=65.013), Max=(X=-0.100 Y=2363.461 Z=215.013) RuntimeGrid:None EditorOnly:false RuntimeOnly:false HLODRelevant:false ListedInSceneOutliner:true IsMainWorldOnly:false
 |- ContainerInstances:
 |- [+] MainContainer:
 |   |-        ID: 00000000000000000000000000000000
 |   |-  ParentID: 00000000000000000000000000000000
 |   |-    Bounds: IsValid=false, Min=(X=0.000 Y=0.000 Z=0.000), Max=(X=0.000 Y=0.000 Z=0.000)
 |   |- Transform: 0.000000,0.000000,0.000000|0.000000,0.000000,-0.000000|1.000000,1.000000,1.000000
 |   |- Container: /Game/Casa
----------------------------------------------------------------------------------------------------------------
Casa - Persistent Level
----------------------------------------------------------------------------------------------------------------
[+] Content of Casa Persistent Level
 |- Always loaded Actor Count: 11 
 |- Actor Path: /Game/Casa.Casa:PersistentLevel.DirectionalLight_UAID_F02F7430750224B402_2132410911
 |- Actor Package: /Game/__ExternalActors__/Casa/A/J1/LRX6YQTUKYAEORJFP8YK6D
 |- Actor Path: /Game/Casa.Casa:PersistentLevel.LocalFogVolume_UAID_D843AE21A70AC3A302_2093592944
 |- Actor Package: /Game/__ExternalActors__/Casa/C/Z5/OZOPKC6CJ7SNAYB7N0X3HZ
 |- Actor Path: /Game/Casa.Casa:PersistentLevel.PlayerStart_0
 |- Actor Package: /Game/__ExternalActors__/Casa/0/76/NZCRKVPVCLFF2Z23OG66FN
 |- Actor Path: /Game/Casa.Casa:PersistentLevel.PostProcessVolume_UAID_D843AE21A70ABEA302_2019764064
 |- Actor Package: /Game/__ExternalActors__/Casa/4/76/UHCKOS1IURQH1KGQC27QBU
 |- Actor Path: /Game/Casa.Casa:PersistentLevel.SkyAtmosphere_UAID_D843AE21A70AC3A302_2025675943
 |- Actor Package: /Game/__ExternalActors__/Casa/9/SH/OX61DQ9BNLFR6PI25I909G
 |- Actor Path: /Game/Casa.Casa:PersistentLevel.SpotLight_UAID_F02F7430750225B402_1610188091
 |- Actor Package: /Game/__ExternalActors__/Casa/4/R9/KODX78CG87YVZ9D0GRE6MO
 |- Actor Path: /Game/Casa.Casa:PersistentLevel.StaticMeshActor_UAID_F02F7430750225B402_1083674088
 |- Actor Package: /Game/__ExternalActors__/Casa/E/EI/PX7P0O7HMPE6481B3LKEWS
 |- Actor Path: /Game/Casa.Casa:PersistentLevel.StaticMeshActor_UAID_F02F7430750225B402_1297815089
 |- Actor Package: /Game/__ExternalActors__/Casa/2/P4/2GJJGM7WQZ1K52H50CMN2Y
 |- Actor Path: /Game/Casa.Casa:PersistentLevel.StaticMeshActor_UAID_F02F7430750225B402_1456579090
 |- Actor Package: /Game/__ExternalActors__/Casa/7/QE/ATN7NN20P9FFCKXU37YK84
 |- Actor Path: /Game/Casa.Casa:PersistentLevel.TextRenderActor_1
 |- Actor Package: /Game/__ExternalActors__/Casa/A/2P/ACBRRHHT1F90JW8GN2KJ77
 |- Actor Path: /Game/Casa.Casa:PersistentLevel.WorldDataLayers
 |- Actor Package: /Game/__ExternalActors__/Casa/3/4X/7R9NGXYBISX42CFDYIVHDU

----------------------------------------------------------------------------------------------------------------
Casa - Runtime Hash Set
----------------------------------------------------------------------------------------------------------------

