[+] Containers:
 |- [+] Container: /Game/Level_2
 |   |- [+] ActorDescs:
 |   |   |- Guid:15A04B5F4121A06A1AAE3F84D95DB52C NativeClass:/Script/Engine.SpotLight Name:SpotLight_UAID_F02F7430750225B402_1610188091 Label:SpotLight SpatiallyLoaded:true EditorBounds:IsValid=true, Min=(X=-1405.082 Y=994.918 Z=-900.164), Max=(X=-14.918 Y=2385.082 Z=490.000) RuntimeBounds:IsValid=true, Min=(X=-1405.082 Y=994.918 Z=-900.164), Max=(X=-14.918 Y=2385.082 Z=490.000) RuntimeGrid:None EditorOnly:false RuntimeOnly:false HLODRelevant:false ListedInSceneOutliner:true IsMainWorldOnly:false
 |   |   |- Guid:16CC60064544B5B0085B66B2B65EC727 NativeClass:/Script/Engine.SpotLight Name:SpotLight_UAID_F02F7430750226B402_2045085280 Label:SpotLight13 SpatiallyLoaded:true EditorBounds:IsValid=true, Min=(X=-3559.043 Y=380.957 Z=-318.086), Max=(X=-2740.957 Y=1199.043 Z=500.000) RuntimeBounds:IsValid=true, Min=(X=-3559.043 Y=380.957 Z=-318.086), Max=(X=-2740.957 Y=1199.043 Z=500.000) RuntimeGrid:None EditorOnly:false RuntimeOnly:false HLODRelevant:false ListedInSceneOutliner:true IsMainWorldOnly:false
 |   |   |- Guid:187BD8DB46761F936DBF07A3507A812D NativeClass:/Script/Engine.SpotLight Name:SpotLight_UAID_F02F7430750226B402_1525110273 Label:SpotLight7 SpatiallyLoaded:true EditorBounds:IsValid=true, Min=(X=-1539.432 Y=440.568 Z=-268.863), Max=(X=-760.568 Y=1219.432 Z=510.000) RuntimeBounds:IsValid=true, Min=(X=-1539.432 Y=440.568 Z=-268.863), Max=(X=-760.568 Y=1219.432 Z=510.000) RuntimeGrid:None EditorOnly:false RuntimeOnly:false HLODRelevant:false ListedInSceneOutliner:true IsMainWorldOnly:false
 |   |   |- Guid:1C654692480947433F3D619FB4448EB1 NativeClass:/Script/Engine.SpotLight Name:SpotLight_UAID_F02F7430750226B402_1344029269 Label:SpotLight3 SpatiallyLoaded:true EditorBounds:IsValid=true, Min=(X=-904.274 Y=255.726 Z=-648.547), Max=(X=244.274 Y=1404.274 Z=500.000) RuntimeBounds:IsValid=true, Min=(X=-904.274 Y=255.726 Z=-648.547), Max=(X=244.274 Y=1404.274 Z=500.000) RuntimeGrid:None EditorOnly:false RuntimeOnly:false HLODRelevant:false ListedInSceneOutliner:true IsMainWorldOnly:false
 |   |   |- Guid:1F62BEDC4911EDD4859DBDABF64ED9DD NativeClass:/Script/Engine.PointLight Name:PointLight_UAID_F02F7430750227B402_1990750463 Label:PointLight2 SpatiallyLoaded:true EditorBounds:IsValid=true, Min=(X=-2700.000 Y=-2440.000 Z=-360.000), Max=(X=-700.000 Y=-440.000 Z=1640.000) RuntimeBounds:IsValid=true, Min=(X=-2700.000 Y=-2440.000 Z=-360.000), Max=(X=-700.000 Y=-440.000 Z=1640.000) RuntimeGrid:None EditorOnly:false RuntimeOnly:false HLODRelevant:false ListedInSceneOutliner:true IsMainWorldOnly:false
 |   |   |- Guid:2BF9BBDD422DC5ECDCFA1CA5308B480B NativeClass:/Script/Engine.SpotLight Name:SpotLight_UAID_F02F7430750226B402_1411078272 Label:SpotLight6 SpatiallyLoaded:true EditorBounds:IsValid=true, Min=(X=-2073.494 Y=896.506 Z=-412.760), Max=(X=-1106.506 Y=1863.494 Z=554.228) RuntimeBounds:IsValid=true, Min=(X=-2073.494 Y=896.506 Z=-412.760), Max=(X=-1106.506 Y=1863.494 Z=554.228) RuntimeGrid:None EditorOnly:false RuntimeOnly:false HLODRelevant:false ListedInSceneOutliner:true IsMainWorldOnly:false
 |   |   |- Guid:3459E4B94902A9E962239DBCB3BCF595 NativeClass:/Script/Engine.SpotLight Name:SpotLight_UAID_F02F7430750226B402_2015946277 Label:SpotLight10 SpatiallyLoaded:true EditorBounds:IsValid=true, Min=(X=-2814.781 Y=225.219 Z=-460.757), Max=(X=-1765.219 Y=1274.781 Z=588.805) RuntimeBounds:IsValid=true, Min=(X=-2814.781 Y=225.219 Z=-460.757), Max=(X=-1765.219 Y=1274.781 Z=588.805) RuntimeGrid:None EditorOnly:false RuntimeOnly:false HLODRelevant:false ListedInSceneOutliner:true IsMainWorldOnly:false
 |   |   |- Guid:386291C8422C89B2F6B7A98AF59D3B57 NativeClass:/Script/Engine.SpotLight Name:SpotLight_UAID_F02F7430750226B402_1401841271 Label:SpotLight5 SpatiallyLoaded:true EditorBounds:IsValid=true, Min=(X=-2059.432 Y=440.568 Z=-278.863), Max=(X=-1280.568 Y=1219.432 Z=500.000) RuntimeBounds:IsValid=true, Min=(X=-2059.432 Y=440.568 Z=-278.863), Max=(X=-1280.568 Y=1219.432 Z=500.000) RuntimeGrid:None EditorOnly:false RuntimeOnly:false HLODRelevant:false ListedInSceneOutliner:true IsMainWorldOnly:false
 |   |   |- Guid:4A9A1E8E0DC332D889E83EB02F9F0686 NativeClass:/Script/Engine.PlayerStart Name:PlayerStart_0 Label:PlayerStart SpatiallyLoaded:false EditorBounds:IsValid=true, Min=(X=-838.000 Y=1250.000 Z=74.013), Max=(X=-582.000 Y=1618.000 Z=330.013) RuntimeBounds:IsValid=true, Min=(X=-750.000 Y=1450.000 Z=110.013), Max=(X=-670.000 Y=1530.000 Z=294.013) RuntimeGrid:None EditorOnly:false RuntimeOnly:false HLODRelevant:false ListedInSceneOutliner:true IsMainWorldOnly:false
 |   |   |- Guid:4D5B5E2B4C7D5834253ADA88595E40BC NativeClass:/Script/Engine.SpotLight Name:SpotLight_UAID_F02F7430750226B402_1823695275 Label:SpotLight8 SpatiallyLoaded:true EditorBounds:IsValid=true, Min=(X=-2755.182 Y=1374.818 Z=-386.557), Max=(X=-1644.818 Y=2485.182 Z=723.807) RuntimeBounds:IsValid=true, Min=(X=-2755.182 Y=1374.818 Z=-386.557), Max=(X=-1644.818 Y=2485.182 Z=723.807) RuntimeGrid:None EditorOnly:false RuntimeOnly:false HLODRelevant:false ListedInSceneOutliner:true IsMainWorldOnly:false
 |   |   |- Guid:5D34D23F4B8FEBE1C83DCF87DF781611 NativeClass:/Script/Engine.SpotLight Name:SpotLight_UAID_F02F7430750227B402_1299593461 Label:SpotLight17 SpatiallyLoaded:true EditorBounds:IsValid=true, Min=(X=-3559.043 Y=-1789.043 Z=-318.086), Max=(X=-2740.957 Y=-970.957 Z=500.000) RuntimeBounds:IsValid=true, Min=(X=-3559.043 Y=-1789.043 Z=-318.086), Max=(X=-2740.957 Y=-970.957 Z=500.000) RuntimeGrid:None EditorOnly:false RuntimeOnly:false HLODRelevant:false ListedInSceneOutliner:true IsMainWorldOnly:false
 |   |   |- Guid:5D4D1DF34F7235E89611CB9287E8E213 NativeClass:/Script/Engine.SpotLight Name:SpotLight_UAID_F02F7430750226B402_2065773282 Label:SpotLight15 SpatiallyLoaded:true EditorBounds:IsValid=true, Min=(X=-3559.043 Y=-759.043 Z=-318.086), Max=(X=-2740.957 Y=59.043 Z=500.000) RuntimeBounds:IsValid=true, Min=(X=-3559.043 Y=-759.043 Z=-318.086), Max=(X=-2740.957 Y=59.043 Z=500.000) RuntimeGrid:None EditorOnly:false RuntimeOnly:false HLODRelevant:false ListedInSceneOutliner:true IsMainWorldOnly:false
 |   |   |- Guid:6F79EC7144E2D5F0FEDA0A9DC5E5DDD4 NativeClass:/Script/Engine.StaticMeshActor Name:StaticMeshActor_UAID_F02F7430750225B402_1456579090 Label:CubeGridToolOutput SpatiallyLoaded:true EditorBounds:IsValid=true, Min=(X=-3400.000 Y=-3100.000 Z=-100.000), Max=(X=100.000 Y=2200.000 Z=1300.000) RuntimeBounds:IsValid=true, Min=(X=-3400.000 Y=-3100.000 Z=-100.000), Max=(X=100.000 Y=2200.000 Z=1300.000) RuntimeGrid:None EditorOnly:false RuntimeOnly:false HLODRelevant:true ListedInSceneOutliner:true IsMainWorldOnly:false
 |   |   |- Guid:7C86E2C94943C24D143E2F9DB8070711 NativeClass:/Script/Engine.SpotLight Name:SpotLight_UAID_F02F7430750226B402_1533969274 Label:SpotLight2 SpatiallyLoaded:true EditorBounds:IsValid=true, Min=(X=-1405.082 Y=644.918 Z=-900.164), Max=(X=-14.918 Y=2035.082 Z=490.000) RuntimeBounds:IsValid=true, Min=(X=-1405.082 Y=644.918 Z=-900.164), Max=(X=-14.918 Y=2035.082 Z=490.000) RuntimeGrid:None EditorOnly:false RuntimeOnly:false HLODRelevant:false ListedInSceneOutliner:true IsMainWorldOnly:false
 |   |   |- Guid:80144FA6241A37C092B340180932EAD9 NativeClass:/Script/Engine.SkyAtmosphere Name:SkyAtmosphere_UAID_D843AE21A70AC3A302_2025675943 Label:SkyAtmosphere2 SpatiallyLoaded:false EditorBounds:IsValid=true, Min=(X=272.000 Y=1952.000 Z=652.000), Max=(X=640.000 Y=2208.000 Z=908.000) RuntimeBounds:IsValid=true, Min=(X=400.000 Y=2080.000 Z=780.000), Max=(X=400.000 Y=2080.000 Z=780.000) RuntimeGrid:None EditorOnly:false RuntimeOnly:false HLODRelevant:false ListedInSceneOutliner:true IsMainWorldOnly:false
 |   |   |- Guid:96386C784E31C160C17832A2A5BFFAA4 NativeClass:/Script/Engine.PointLight Name:PointLight_UAID_F02F7430750227B402_2002973464 Label:PointLight3 SpatiallyLoaded:true EditorBounds:IsValid=true, Min=(X=-2450.000 Y=-3730.000 Z=-360.000), Max=(X=-450.000 Y=-1730.000 Z=1640.000) RuntimeBounds:IsValid=true, Min=(X=-2450.000 Y=-3730.000 Z=-360.000), Max=(X=-450.000 Y=-1730.000 Z=1640.000) RuntimeGrid:None EditorOnly:false RuntimeOnly:false HLODRelevant:false ListedInSceneOutliner:true IsMainWorldOnly:false
 |   |   |- Guid:A2366CAD43DB0E97C59E59BAFB058110 NativeClass:/Script/Engine.SpotLight Name:SpotLight_UAID_F02F7430750226B402_2028282278 Label:SpotLight11 SpatiallyLoaded:true EditorBounds:IsValid=true, Min=(X=-3174.781 Y=235.219 Z=-460.757), Max=(X=-2125.219 Y=1284.781 Z=588.805) RuntimeBounds:IsValid=true, Min=(X=-3174.781 Y=235.219 Z=-460.757), Max=(X=-2125.219 Y=1284.781 Z=588.805) RuntimeGrid:None EditorOnly:false RuntimeOnly:false HLODRelevant:false ListedInSceneOutliner:true IsMainWorldOnly:false
 |   |   |- Guid:A5E333EA41B9EBE25BC78C986D0BEFF5 NativeClass:/Script/Engine.PointLight Name:PointLight_UAID_F02F7430750227B402_1984368462 Label:PointLight SpatiallyLoaded:true EditorBounds:IsValid=true, Min=(X=-3984.569 Y=-3564.569 Z=-824.569), Max=(X=-1055.431 Y=-635.431 Z=2104.569) RuntimeBounds:IsValid=true, Min=(X=-3984.569 Y=-3564.569 Z=-824.569), Max=(X=-1055.431 Y=-635.431 Z=2104.569) RuntimeGrid:None EditorOnly:false RuntimeOnly:false HLODRelevant:false ListedInSceneOutliner:true IsMainWorldOnly:false
 |   |   |- Guid:AC98DD1312EB3C869823295D9625069C NativeClass:/Script/Engine.WorldDataLayers Name:WorldDataLayers Label:WorldDataLayers SpatiallyLoaded:false EditorBounds:IsValid=false, Min=(X=0.000 Y=0.000 Z=0.000), Max=(X=0.000 Y=0.000 Z=0.000) RuntimeBounds:IsValid=false, Min=(X=0.000 Y=0.000 Z=0.000), Max=(X=0.000 Y=0.000 Z=0.000) RuntimeGrid:None EditorOnly:false RuntimeOnly:false HLODRelevant:false ListedInSceneOutliner:true IsMainWorldOnly:true
 |   |   |- Guid:C26C977C4BFB8B328DF4AA932E00EEFF NativeClass:/Script/Engine.SpotLight Name:SpotLight_UAID_F02F7430750226B402_1375210270 Label:SpotLight4 SpatiallyLoaded:true EditorBounds:IsValid=true, Min=(X=-1089.432 Y=440.568 Z=-278.863), Max=(X=-310.568 Y=1219.432 Z=500.000) RuntimeBounds:IsValid=true, Min=(X=-1089.432 Y=440.568 Z=-278.863), Max=(X=-310.568 Y=1219.432 Z=500.000) RuntimeGrid:None EditorOnly:false RuntimeOnly:false HLODRelevant:false ListedInSceneOutliner:true IsMainWorldOnly:false
 |   |   |- Guid:CE1D7FBB4B91729F522AB594DD8FB016 NativeClass:/Script/Engine.SpotLight Name:SpotLight_UAID_F02F7430750226B402_1996244276 Label:SpotLight9 SpatiallyLoaded:true EditorBounds:IsValid=true, Min=(X=-2964.781 Y=825.219 Z=-500.757), Max=(X=-1915.219 Y=1874.781 Z=548.805) RuntimeBounds:IsValid=true, Min=(X=-2964.781 Y=825.219 Z=-500.757), Max=(X=-1915.219 Y=1874.781 Z=548.805) RuntimeGrid:None EditorOnly:false RuntimeOnly:false HLODRelevant:false ListedInSceneOutliner:true IsMainWorldOnly:false
 |   |   |- Guid:D134DEC146EF79187ABF71A8ED6B4144 NativeClass:/Script/Engine.SpotLight Name:SpotLight_UAID_F02F7430750226B402_2076582283 Label:SpotLight16 SpatiallyLoaded:true EditorBounds:IsValid=true, Min=(X=-3559.043 Y=-1259.043 Z=-318.086), Max=(X=-2740.957 Y=-440.957 Z=500.000) RuntimeBounds:IsValid=true, Min=(X=-3559.043 Y=-1259.043 Z=-318.086), Max=(X=-2740.957 Y=-440.957 Z=500.000) RuntimeGrid:None EditorOnly:false RuntimeOnly:false HLODRelevant:false ListedInSceneOutliner:true IsMainWorldOnly:false
 |   |   |- Guid:DADC3DFEE1993D1C894ABE584D08FBC8 NativeClass:/Script/Engine.PostProcessVolume Name:PostProcessVolume_UAID_D843AE21A70ABEA302_2019764064 Label:PostProcessVolume2 SpatiallyLoaded:true EditorBounds:IsValid=true, Min=(X=-7905.000 Y=-6965.000 Z=-865.000), Max=(X=8845.000 Y=5485.000 Z=4985.000) RuntimeBounds:IsValid=true, Min=(X=-7905.000 Y=-6965.000 Z=-865.000), Max=(X=8845.000 Y=5485.000 Z=4985.000) RuntimeGrid:None EditorOnly:false RuntimeOnly:false HLODRelevant:false ListedInSceneOutliner:true IsMainWorldOnly:false
 |   |   |- Guid:DF6979134AE54BED995E548B13F9FCAB NativeClass:/Script/Engine.PointLight Name:PointLight_UAID_F02F7430750227B402_2006699465 Label:PointLight4 SpatiallyLoaded:true EditorBounds:IsValid=true, Min=(X=-2054.569 Y=-3574.569 Z=-754.569), Max=(X=874.569 Y=-645.431 Z=2174.569) RuntimeBounds:IsValid=true, Min=(X=-2054.569 Y=-3574.569 Z=-754.569), Max=(X=874.569 Y=-645.431 Z=2174.569) RuntimeGrid:None EditorOnly:false RuntimeOnly:false HLODRelevant:false ListedInSceneOutliner:true IsMainWorldOnly:false
 |   |   |- Guid:E05143F1488181C1ADD0F9AF3A1989EC NativeClass:/Script/Engine.SpotLight Name:SpotLight_UAID_F02F7430750226B402_2040665279 Label:SpotLight12 SpatiallyLoaded:true EditorBounds:IsValid=true, Min=(X=-3624.781 Y=805.219 Z=-500.757), Max=(X=-2575.219 Y=1854.781 Z=548.805) RuntimeBounds:IsValid=true, Min=(X=-3624.781 Y=805.219 Z=-500.757), Max=(X=-2575.219 Y=1854.781 Z=548.805) RuntimeGrid:None EditorOnly:false RuntimeOnly:false HLODRelevant:false ListedInSceneOutliner:true IsMainWorldOnly:false
 |   |   |- Guid:E613A81040896E542046088C70D30458 NativeClass:/Script/Engine.SpotLight Name:SpotLight_UAID_F02F7430750226B402_2061235281 Label:SpotLight14 SpatiallyLoaded:true EditorBounds:IsValid=true, Min=(X=-3559.043 Y=-169.043 Z=-318.086), Max=(X=-2740.957 Y=649.043 Z=500.000) RuntimeBounds:IsValid=true, Min=(X=-3559.043 Y=-169.043 Z=-318.086), Max=(X=-2740.957 Y=649.043 Z=500.000) RuntimeGrid:None EditorOnly:false RuntimeOnly:false HLODRelevant:false ListedInSceneOutliner:true IsMainWorldOnly:false
 |   |   |- Guid:E8CED2E968B630AB9C081F14C1670F3E NativeClass:/Script/Engine.LocalFogVolume Name:LocalFogVolume_UAID_D843AE21A70AC3A302_2093592944 Label:LocalFogVolume SpatiallyLoaded:false EditorBounds:IsValid=true, Min=(X=1654.000 Y=1824.000 Z=-296.000), Max=(X=2166.000 Y=2336.000 Z=216.000) RuntimeBounds:IsValid=true, Min=(X=1910.000 Y=2080.000 Z=-40.000), Max=(X=1910.000 Y=2080.000 Z=-40.000) RuntimeGrid:None EditorOnly:false RuntimeOnly:false HLODRelevant:false ListedInSceneOutliner:true IsMainWorldOnly:false
 |   |   |- Guid:EF913CD94BDE92C6B63B3C8E0ED8AD15 NativeClass:/Script/Engine.DirectionalLight Name:DirectionalLight_UAID_F02F7430750224B402_2132410911 Label:DirectionalLight SpatiallyLoaded:false EditorBounds:IsValid=false, Min=(X=0.000 Y=0.000 Z=0.000), Max=(X=0.000 Y=0.000 Z=0.000) RuntimeBounds:IsValid=false, Min=(X=0.000 Y=0.000 Z=0.000), Max=(X=0.000 Y=0.000 Z=0.000) RuntimeGrid:None EditorOnly:false RuntimeOnly:false HLODRelevant:false ListedInSceneOutliner:true IsMainWorldOnly:false
 |   |   |- Guid:F270ED92FC183874B336F7BCA5F730E4 NativeClass:/Script/Engine.TextRenderActor Name:TextRenderActor_1 Label:TextRenderActor SpatiallyLoaded:true EditorBounds:IsValid=true, Min=(X=-128.100 Y=972.000 Z=12.013), Max=(X=127.900 Y=2363.461 Z=268.013) RuntimeBounds:IsValid=true, Min=(X=-0.100 Y=1100.000 Z=65.013), Max=(X=-0.100 Y=2363.461 Z=215.013) RuntimeGrid:None EditorOnly:false RuntimeOnly:false HLODRelevant:false ListedInSceneOutliner:true IsMainWorldOnly:false
 |   |- [+] Clusters:
 |   |   |- [+] [  0]
 |   |   |   |- Guid:15A04B5F4121A06A1AAE3F84D95DB52C NativeClass:/Script/Engine.SpotLight Name:SpotLight_UAID_F02F7430750225B402_1610188091 Label:SpotLight SpatiallyLoaded:true EditorBounds:IsValid=true, Min=(X=-1405.082 Y=994.918 Z=-900.164), Max=(X=-14.918 Y=2385.082 Z=490.000) RuntimeBounds:IsValid=true, Min=(X=-1405.082 Y=994.918 Z=-900.164), Max=(X=-14.918 Y=2385.082 Z=490.000) RuntimeGrid:None EditorOnly:false RuntimeOnly:false HLODRelevant:false ListedInSceneOutliner:true IsMainWorldOnly:false
 |   |   |- [+] [  1]
 |   |   |   |- Guid:16CC60064544B5B0085B66B2B65EC727 NativeClass:/Script/Engine.SpotLight Name:SpotLight_UAID_F02F7430750226B402_2045085280 Label:SpotLight13 SpatiallyLoaded:true EditorBounds:IsValid=true, Min=(X=-3559.043 Y=380.957 Z=-318.086), Max=(X=-2740.957 Y=1199.043 Z=500.000) RuntimeBounds:IsValid=true, Min=(X=-3559.043 Y=380.957 Z=-318.086), Max=(X=-2740.957 Y=1199.043 Z=500.000) RuntimeGrid:None EditorOnly:false RuntimeOnly:false HLODRelevant:false ListedInSceneOutliner:true IsMainWorldOnly:false
 |   |   |- [+] [  2]
 |   |   |   |- Guid:187BD8DB46761F936DBF07A3507A812D NativeClass:/Script/Engine.SpotLight Name:SpotLight_UAID_F02F7430750226B402_1525110273 Label:SpotLight7 SpatiallyLoaded:true EditorBounds:IsValid=true, Min=(X=-1539.432 Y=440.568 Z=-268.863), Max=(X=-760.568 Y=1219.432 Z=510.000) RuntimeBounds:IsValid=true, Min=(X=-1539.432 Y=440.568 Z=-268.863), Max=(X=-760.568 Y=1219.432 Z=510.000) RuntimeGrid:None EditorOnly:false RuntimeOnly:false HLODRelevant:false ListedInSceneOutliner:true IsMainWorldOnly:false
 |   |   |- [+] [  3]
 |   |   |   |- Guid:1C654692480947433F3D619FB4448EB1 NativeClass:/Script/Engine.SpotLight Name:SpotLight_UAID_F02F7430750226B402_1344029269 Label:SpotLight3 SpatiallyLoaded:true EditorBounds:IsValid=true, Min=(X=-904.274 Y=255.726 Z=-648.547), Max=(X=244.274 Y=1404.274 Z=500.000) RuntimeBounds:IsValid=true, Min=(X=-904.274 Y=255.726 Z=-648.547), Max=(X=244.274 Y=1404.274 Z=500.000) RuntimeGrid:None EditorOnly:false RuntimeOnly:false HLODRelevant:false ListedInSceneOutliner:true IsMainWorldOnly:false
 |   |   |- [+] [  4]
 |   |   |   |- Guid:1F62BEDC4911EDD4859DBDABF64ED9DD NativeClass:/Script/Engine.PointLight Name:PointLight_UAID_F02F7430750227B402_1990750463 Label:PointLight2 SpatiallyLoaded:true EditorBounds:IsValid=true, Min=(X=-2700.000 Y=-2440.000 Z=-360.000), Max=(X=-700.000 Y=-440.000 Z=1640.000) RuntimeBounds:IsValid=true, Min=(X=-2700.000 Y=-2440.000 Z=-360.000), Max=(X=-700.000 Y=-440.000 Z=1640.000) RuntimeGrid:None EditorOnly:false RuntimeOnly:false HLODRelevant:false ListedInSceneOutliner:true IsMainWorldOnly:false
 |   |   |- [+] [  5]
 |   |   |   |- Guid:2BF9BBDD422DC5ECDCFA1CA5308B480B NativeClass:/Script/Engine.SpotLight Name:SpotLight_UAID_F02F7430750226B402_1411078272 Label:SpotLight6 SpatiallyLoaded:true EditorBounds:IsValid=true, Min=(X=-2073.494 Y=896.506 Z=-412.760), Max=(X=-1106.506 Y=1863.494 Z=554.228) RuntimeBounds:IsValid=true, Min=(X=-2073.494 Y=896.506 Z=-412.760), Max=(X=-1106.506 Y=1863.494 Z=554.228) RuntimeGrid:None EditorOnly:false RuntimeOnly:false HLODRelevant:false ListedInSceneOutliner:true IsMainWorldOnly:false
 |   |   |- [+] [  6]
 |   |   |   |- Guid:3459E4B94902A9E962239DBCB3BCF595 NativeClass:/Script/Engine.SpotLight Name:SpotLight_UAID_F02F7430750226B402_2015946277 Label:SpotLight10 SpatiallyLoaded:true EditorBounds:IsValid=true, Min=(X=-2814.781 Y=225.219 Z=-460.757), Max=(X=-1765.219 Y=1274.781 Z=588.805) RuntimeBounds:IsValid=true, Min=(X=-2814.781 Y=225.219 Z=-460.757), Max=(X=-1765.219 Y=1274.781 Z=588.805) RuntimeGrid:None EditorOnly:false RuntimeOnly:false HLODRelevant:false ListedInSceneOutliner:true IsMainWorldOnly:false
 |   |   |- [+] [  7]
 |   |   |   |- Guid:386291C8422C89B2F6B7A98AF59D3B57 NativeClass:/Script/Engine.SpotLight Name:SpotLight_UAID_F02F7430750226B402_1401841271 Label:SpotLight5 SpatiallyLoaded:true EditorBounds:IsValid=true, Min=(X=-2059.432 Y=440.568 Z=-278.863), Max=(X=-1280.568 Y=1219.432 Z=500.000) RuntimeBounds:IsValid=true, Min=(X=-2059.432 Y=440.568 Z=-278.863), Max=(X=-1280.568 Y=1219.432 Z=500.000) RuntimeGrid:None EditorOnly:false RuntimeOnly:false HLODRelevant:false ListedInSceneOutliner:true IsMainWorldOnly:false
 |   |   |- [+] [  8]
 |   |   |   |- Guid:4A9A1E8E0DC332D889E83EB02F9F0686 NativeClass:/Script/Engine.PlayerStart Name:PlayerStart_0 Label:PlayerStart SpatiallyLoaded:false EditorBounds:IsValid=true, Min=(X=-838.000 Y=1250.000 Z=74.013), Max=(X=-582.000 Y=1618.000 Z=330.013) RuntimeBounds:IsValid=true, Min=(X=-750.000 Y=1450.000 Z=110.013), Max=(X=-670.000 Y=1530.000 Z=294.013) RuntimeGrid:None EditorOnly:false RuntimeOnly:false HLODRelevant:false ListedInSceneOutliner:true IsMainWorldOnly:false
 |   |   |- [+] [  9]
 |   |   |   |- Guid:4D5B5E2B4C7D5834253ADA88595E40BC NativeClass:/Script/Engine.SpotLight Name:SpotLight_UAID_F02F7430750226B402_1823695275 Label:SpotLight8 SpatiallyLoaded:true EditorBounds:IsValid=true, Min=(X=-2755.182 Y=1374.818 Z=-386.557), Max=(X=-1644.818 Y=2485.182 Z=723.807) RuntimeBounds:IsValid=true, Min=(X=-2755.182 Y=1374.818 Z=-386.557), Max=(X=-1644.818 Y=2485.182 Z=723.807) RuntimeGrid:None EditorOnly:false RuntimeOnly:false HLODRelevant:false ListedInSceneOutliner:true IsMainWorldOnly:false
 |   |   |- [+] [ 10]
 |   |   |   |- Guid:5D34D23F4B8FEBE1C83DCF87DF781611 NativeClass:/Script/Engine.SpotLight Name:SpotLight_UAID_F02F7430750227B402_1299593461 Label:SpotLight17 SpatiallyLoaded:true EditorBounds:IsValid=true, Min=(X=-3559.043 Y=-1789.043 Z=-318.086), Max=(X=-2740.957 Y=-970.957 Z=500.000) RuntimeBounds:IsValid=true, Min=(X=-3559.043 Y=-1789.043 Z=-318.086), Max=(X=-2740.957 Y=-970.957 Z=500.000) RuntimeGrid:None EditorOnly:false RuntimeOnly:false HLODRelevant:false ListedInSceneOutliner:true IsMainWorldOnly:false
 |   |   |- [+] [ 11]
 |   |   |   |- Guid:5D4D1DF34F7235E89611CB9287E8E213 NativeClass:/Script/Engine.SpotLight Name:SpotLight_UAID_F02F7430750226B402_2065773282 Label:SpotLight15 SpatiallyLoaded:true EditorBounds:IsValid=true, Min=(X=-3559.043 Y=-759.043 Z=-318.086), Max=(X=-2740.957 Y=59.043 Z=500.000) RuntimeBounds:IsValid=true, Min=(X=-3559.043 Y=-759.043 Z=-318.086), Max=(X=-2740.957 Y=59.043 Z=500.000) RuntimeGrid:None EditorOnly:false RuntimeOnly:false HLODRelevant:false ListedInSceneOutliner:true IsMainWorldOnly:false
 |   |   |- [+] [ 12]
 |   |   |   |- Guid:6F79EC7144E2D5F0FEDA0A9DC5E5DDD4 NativeClass:/Script/Engine.StaticMeshActor Name:StaticMeshActor_UAID_F02F7430750225B402_1456579090 Label:CubeGridToolOutput SpatiallyLoaded:true EditorBounds:IsValid=true, Min=(X=-3400.000 Y=-3100.000 Z=-100.000), Max=(X=100.000 Y=2200.000 Z=1300.000) RuntimeBounds:IsValid=true, Min=(X=-3400.000 Y=-3100.000 Z=-100.000), Max=(X=100.000 Y=2200.000 Z=1300.000) RuntimeGrid:None EditorOnly:false RuntimeOnly:false HLODRelevant:true ListedInSceneOutliner:true IsMainWorldOnly:false
 |   |   |- [+] [ 13]
 |   |   |   |- Guid:7C86E2C94943C24D143E2F9DB8070711 NativeClass:/Script/Engine.SpotLight Name:SpotLight_UAID_F02F7430750226B402_1533969274 Label:SpotLight2 SpatiallyLoaded:true EditorBounds:IsValid=true, Min=(X=-1405.082 Y=644.918 Z=-900.164), Max=(X=-14.918 Y=2035.082 Z=490.000) RuntimeBounds:IsValid=true, Min=(X=-1405.082 Y=644.918 Z=-900.164), Max=(X=-14.918 Y=2035.082 Z=490.000) RuntimeGrid:None EditorOnly:false RuntimeOnly:false HLODRelevant:false ListedInSceneOutliner:true IsMainWorldOnly:false
 |   |   |- [+] [ 14]
 |   |   |   |- Guid:80144FA6241A37C092B340180932EAD9 NativeClass:/Script/Engine.SkyAtmosphere Name:SkyAtmosphere_UAID_D843AE21A70AC3A302_2025675943 Label:SkyAtmosphere2 SpatiallyLoaded:false EditorBounds:IsValid=true, Min=(X=272.000 Y=1952.000 Z=652.000), Max=(X=640.000 Y=2208.000 Z=908.000) RuntimeBounds:IsValid=true, Min=(X=400.000 Y=2080.000 Z=780.000), Max=(X=400.000 Y=2080.000 Z=780.000) RuntimeGrid:None EditorOnly:false RuntimeOnly:false HLODRelevant:false ListedInSceneOutliner:true IsMainWorldOnly:false
 |   |   |- [+] [ 15]
 |   |   |   |- Guid:96386C784E31C160C17832A2A5BFFAA4 NativeClass:/Script/Engine.PointLight Name:PointLight_UAID_F02F7430750227B402_2002973464 Label:PointLight3 SpatiallyLoaded:true EditorBounds:IsValid=true, Min=(X=-2450.000 Y=-3730.000 Z=-360.000), Max=(X=-450.000 Y=-1730.000 Z=1640.000) RuntimeBounds:IsValid=true, Min=(X=-2450.000 Y=-3730.000 Z=-360.000), Max=(X=-450.000 Y=-1730.000 Z=1640.000) RuntimeGrid:None EditorOnly:false RuntimeOnly:false HLODRelevant:false ListedInSceneOutliner:true IsMainWorldOnly:false
 |   |   |- [+] [ 16]
 |   |   |   |- Guid:A2366CAD43DB0E97C59E59BAFB058110 NativeClass:/Script/Engine.SpotLight Name:SpotLight_UAID_F02F7430750226B402_2028282278 Label:SpotLight11 SpatiallyLoaded:true EditorBounds:IsValid=true, Min=(X=-3174.781 Y=235.219 Z=-460.757), Max=(X=-2125.219 Y=1284.781 Z=588.805) RuntimeBounds:IsValid=true, Min=(X=-3174.781 Y=235.219 Z=-460.757), Max=(X=-2125.219 Y=1284.781 Z=588.805) RuntimeGrid:None EditorOnly:false RuntimeOnly:false HLODRelevant:false ListedInSceneOutliner:true IsMainWorldOnly:false
 |   |   |- [+] [ 17]
 |   |   |   |- Guid:A5E333EA41B9EBE25BC78C986D0BEFF5 NativeClass:/Script/Engine.PointLight Name:PointLight_UAID_F02F7430750227B402_1984368462 Label:PointLight SpatiallyLoaded:true EditorBounds:IsValid=true, Min=(X=-3984.569 Y=-3564.569 Z=-824.569), Max=(X=-1055.431 Y=-635.431 Z=2104.569) RuntimeBounds:IsValid=true, Min=(X=-3984.569 Y=-3564.569 Z=-824.569), Max=(X=-1055.431 Y=-635.431 Z=2104.569) RuntimeGrid:None EditorOnly:false RuntimeOnly:false HLODRelevant:false ListedInSceneOutliner:true IsMainWorldOnly:false
 |   |   |- [+] [ 18]
 |   |   |   |- Guid:AC98DD1312EB3C869823295D9625069C NativeClass:/Script/Engine.WorldDataLayers Name:WorldDataLayers Label:WorldDataLayers SpatiallyLoaded:false EditorBounds:IsValid=false, Min=(X=0.000 Y=0.000 Z=0.000), Max=(X=0.000 Y=0.000 Z=0.000) RuntimeBounds:IsValid=false, Min=(X=0.000 Y=0.000 Z=0.000), Max=(X=0.000 Y=0.000 Z=0.000) RuntimeGrid:None EditorOnly:false RuntimeOnly:false HLODRelevant:false ListedInSceneOutliner:true IsMainWorldOnly:true
 |   |   |- [+] [ 19]
 |   |   |   |- Guid:C26C977C4BFB8B328DF4AA932E00EEFF NativeClass:/Script/Engine.SpotLight Name:SpotLight_UAID_F02F7430750226B402_1375210270 Label:SpotLight4 SpatiallyLoaded:true EditorBounds:IsValid=true, Min=(X=-1089.432 Y=440.568 Z=-278.863), Max=(X=-310.568 Y=1219.432 Z=500.000) RuntimeBounds:IsValid=true, Min=(X=-1089.432 Y=440.568 Z=-278.863), Max=(X=-310.568 Y=1219.432 Z=500.000) RuntimeGrid:None EditorOnly:false RuntimeOnly:false HLODRelevant:false ListedInSceneOutliner:true IsMainWorldOnly:false
 |   |   |- [+] [ 20]
 |   |   |   |- Guid:CE1D7FBB4B91729F522AB594DD8FB016 NativeClass:/Script/Engine.SpotLight Name:SpotLight_UAID_F02F7430750226B402_1996244276 Label:SpotLight9 SpatiallyLoaded:true EditorBounds:IsValid=true, Min=(X=-2964.781 Y=825.219 Z=-500.757), Max=(X=-1915.219 Y=1874.781 Z=548.805) RuntimeBounds:IsValid=true, Min=(X=-2964.781 Y=825.219 Z=-500.757), Max=(X=-1915.219 Y=1874.781 Z=548.805) RuntimeGrid:None EditorOnly:false RuntimeOnly:false HLODRelevant:false ListedInSceneOutliner:true IsMainWorldOnly:false
 |   |   |- [+] [ 21]
 |   |   |   |- Guid:D134DEC146EF79187ABF71A8ED6B4144 NativeClass:/Script/Engine.SpotLight Name:SpotLight_UAID_F02F7430750226B402_2076582283 Label:SpotLight16 SpatiallyLoaded:true EditorBounds:IsValid=true, Min=(X=-3559.043 Y=-1259.043 Z=-318.086), Max=(X=-2740.957 Y=-440.957 Z=500.000) RuntimeBounds:IsValid=true, Min=(X=-3559.043 Y=-1259.043 Z=-318.086), Max=(X=-2740.957 Y=-440.957 Z=500.000) RuntimeGrid:None EditorOnly:false RuntimeOnly:false HLODRelevant:false ListedInSceneOutliner:true IsMainWorldOnly:false
 |   |   |- [+] [ 22]
 |   |   |   |- Guid:DADC3DFEE1993D1C894ABE584D08FBC8 NativeClass:/Script/Engine.PostProcessVolume Name:PostProcessVolume_UAID_D843AE21A70ABEA302_2019764064 Label:PostProcessVolume2 SpatiallyLoaded:true EditorBounds:IsValid=true, Min=(X=-7905.000 Y=-6965.000 Z=-865.000), Max=(X=8845.000 Y=5485.000 Z=4985.000) RuntimeBounds:IsValid=true, Min=(X=-7905.000 Y=-6965.000 Z=-865.000), Max=(X=8845.000 Y=5485.000 Z=4985.000) RuntimeGrid:None EditorOnly:false RuntimeOnly:false HLODRelevant:false ListedInSceneOutliner:true IsMainWorldOnly:false
 |   |   |- [+] [ 23]
 |   |   |   |- Guid:DF6979134AE54BED995E548B13F9FCAB NativeClass:/Script/Engine.PointLight Name:PointLight_UAID_F02F7430750227B402_2006699465 Label:PointLight4 SpatiallyLoaded:true EditorBounds:IsValid=true, Min=(X=-2054.569 Y=-3574.569 Z=-754.569), Max=(X=874.569 Y=-645.431 Z=2174.569) RuntimeBounds:IsValid=true, Min=(X=-2054.569 Y=-3574.569 Z=-754.569), Max=(X=874.569 Y=-645.431 Z=2174.569) RuntimeGrid:None EditorOnly:false RuntimeOnly:false HLODRelevant:false ListedInSceneOutliner:true IsMainWorldOnly:false
 |   |   |- [+] [ 24]
 |   |   |   |- Guid:E05143F1488181C1ADD0F9AF3A1989EC NativeClass:/Script/Engine.SpotLight Name:SpotLight_UAID_F02F7430750226B402_2040665279 Label:SpotLight12 SpatiallyLoaded:true EditorBounds:IsValid=true, Min=(X=-3624.781 Y=805.219 Z=-500.757), Max=(X=-2575.219 Y=1854.781 Z=548.805) RuntimeBounds:IsValid=true, Min=(X=-3624.781 Y=805.219 Z=-500.757), Max=(X=-2575.219 Y=1854.781 Z=548.805) RuntimeGrid:None EditorOnly:false RuntimeOnly:false HLODRelevant:false ListedInSceneOutliner:true IsMainWorldOnly:false
 |   |   |- [+] [ 25]
 |   |   |   |- Guid:E613A81040896E542046088C70D30458 NativeClass:/Script/Engine.SpotLight Name:SpotLight_UAID_F02F7430750226B402_2061235281 Label:SpotLight14 SpatiallyLoaded:true EditorBounds:IsValid=true, Min=(X=-3559.043 Y=-169.043 Z=-318.086), Max=(X=-2740.957 Y=649.043 Z=500.000) RuntimeBounds:IsValid=true, Min=(X=-3559.043 Y=-169.043 Z=-318.086), Max=(X=-2740.957 Y=649.043 Z=500.000) RuntimeGrid:None EditorOnly:false RuntimeOnly:false HLODRelevant:false ListedInSceneOutliner:true IsMainWorldOnly:false
 |   |   |- [+] [ 26]
 |   |   |   |- Guid:E8CED2E968B630AB9C081F14C1670F3E NativeClass:/Script/Engine.LocalFogVolume Name:LocalFogVolume_UAID_D843AE21A70AC3A302_2093592944 Label:LocalFogVolume SpatiallyLoaded:false EditorBounds:IsValid=true, Min=(X=1654.000 Y=1824.000 Z=-296.000), Max=(X=2166.000 Y=2336.000 Z=216.000) RuntimeBounds:IsValid=true, Min=(X=1910.000 Y=2080.000 Z=-40.000), Max=(X=1910.000 Y=2080.000 Z=-40.000) RuntimeGrid:None EditorOnly:false RuntimeOnly:false HLODRelevant:false ListedInSceneOutliner:true IsMainWorldOnly:false
 |   |   |- [+] [ 27]
 |   |   |   |- Guid:EF913CD94BDE92C6B63B3C8E0ED8AD15 NativeClass:/Script/Engine.DirectionalLight Name:DirectionalLight_UAID_F02F7430750224B402_2132410911 Label:DirectionalLight SpatiallyLoaded:false EditorBounds:IsValid=false, Min=(X=0.000 Y=0.000 Z=0.000), Max=(X=0.000 Y=0.000 Z=0.000) RuntimeBounds:IsValid=false, Min=(X=0.000 Y=0.000 Z=0.000), Max=(X=0.000 Y=0.000 Z=0.000) RuntimeGrid:None EditorOnly:false RuntimeOnly:false HLODRelevant:false ListedInSceneOutliner:true IsMainWorldOnly:false
 |   |   |- [+] [ 28]
 |   |   |   |- Guid:F270ED92FC183874B336F7BCA5F730E4 NativeClass:/Script/Engine.TextRenderActor Name:TextRenderActor_1 Label:TextRenderActor SpatiallyLoaded:true EditorBounds:IsValid=true, Min=(X=-128.100 Y=972.000 Z=12.013), Max=(X=127.900 Y=2363.461 Z=268.013) RuntimeBounds:IsValid=true, Min=(X=-0.100 Y=1100.000 Z=65.013), Max=(X=-0.100 Y=2363.461 Z=215.013) RuntimeGrid:None EditorOnly:false RuntimeOnly:false HLODRelevant:false ListedInSceneOutliner:true IsMainWorldOnly:false
 |- ContainerInstances:
 |- [+] MainContainer:
 |   |-        ID: 00000000000000000000000000000000
 |   |-  ParentID: 00000000000000000000000000000000
 |   |-    Bounds: IsValid=false, Min=(X=0.000 Y=0.000 Z=0.000), Max=(X=0.000 Y=0.000 Z=0.000)
 |   |- Transform: 0.000000,0.000000,0.000000|0.000000,0.000000,-0.000000|1.000000,1.000000,1.000000
 |   |- Container: /Game/Level_2
----------------------------------------------------------------------------------------------------------------
Level_2 - Persistent Level
----------------------------------------------------------------------------------------------------------------
[+] Content of Level_2 Persistent Level
 |- Always loaded Actor Count: 29 
 |- Actor Path: /Game/Level_2.Level_2:PersistentLevel.DirectionalLight_UAID_F02F7430750224B402_2132410911
 |- Actor Package: /Game/__ExternalActors__/Level_2/C/62/BRK7QKLUC830YI6MSDL1C1
 |- Actor Path: /Game/Level_2.Level_2:PersistentLevel.LocalFogVolume_UAID_D843AE21A70AC3A302_2093592944
 |- Actor Package: /Game/__ExternalActors__/Level_2/8/RD/SAW3KBF8P1BF96IUQSDNCY
 |- Actor Path: /Game/Level_2.Level_2:PersistentLevel.PlayerStart_0
 |- Actor Package: /Game/__ExternalActors__/Level_2/D/H0/QV1I18V3AVKYR2E36DD0WO
 |- Actor Path: /Game/Level_2.Level_2:PersistentLevel.PointLight_UAID_F02F7430750227B402_1984368462
 |- Actor Package: /Game/__ExternalActors__/Level_2/1/AB/5S6ZTMM214555BBUU4EMVY
 |- Actor Path: /Game/Level_2.Level_2:PersistentLevel.PointLight_UAID_F02F7430750227B402_1990750463
 |- Actor Package: /Game/__ExternalActors__/Level_2/3/KS/9TV1DP1P3HK6PXN5H61GEO
 |- Actor Path: /Game/Level_2.Level_2:PersistentLevel.PointLight_UAID_F02F7430750227B402_2002973464
 |- Actor Package: /Game/__ExternalActors__/Level_2/5/29/CFPN2KSON5MVTVI349ZNMO
 |- Actor Path: /Game/Level_2.Level_2:PersistentLevel.PointLight_UAID_F02F7430750227B402_2006699465
 |- Actor Package: /Game/__ExternalActors__/Level_2/8/28/NDKUXSE7IHXEFSBPAWFM8T
 |- Actor Path: /Game/Level_2.Level_2:PersistentLevel.PostProcessVolume_UAID_D843AE21A70ABEA302_2019764064
 |- Actor Package: /Game/__ExternalActors__/Level_2/1/FN/8GAY6STQBGA222RTYWH5N8
 |- Actor Path: /Game/Level_2.Level_2:PersistentLevel.SkyAtmosphere_UAID_D843AE21A70AC3A302_2025675943
 |- Actor Package: /Game/__ExternalActors__/Level_2/D/IK/Z5ZJC54H64EE4EODMVGBVY
 |- Actor Path: /Game/Level_2.Level_2:PersistentLevel.SpotLight_UAID_F02F7430750225B402_1610188091
 |- Actor Package: /Game/__ExternalActors__/Level_2/6/ON/UYMDXFCW6PNOYVBO287RYU
 |- Actor Path: /Game/Level_2.Level_2:PersistentLevel.SpotLight_UAID_F02F7430750226B402_1344029269
 |- Actor Package: /Game/__ExternalActors__/Level_2/8/ME/QLTBNABIQHBMBB5JEK6HR2
 |- Actor Path: /Game/Level_2.Level_2:PersistentLevel.SpotLight_UAID_F02F7430750226B402_1375210270
 |- Actor Package: /Game/__ExternalActors__/Level_2/0/CY/HXKZDYIXY92GM8AX5YXISS
 |- Actor Path: /Game/Level_2.Level_2:PersistentLevel.SpotLight_UAID_F02F7430750226B402_1401841271
 |- Actor Package: /Game/__ExternalActors__/Level_2/5/V3/Y3VERCRK5612KMTTXCZ99C
 |- Actor Path: /Game/Level_2.Level_2:PersistentLevel.SpotLight_UAID_F02F7430750226B402_1411078272
 |- Actor Package: /Game/__ExternalActors__/Level_2/9/6M/SQFCM0TDNQJBIWRYIUOOY9
 |- Actor Path: /Game/Level_2.Level_2:PersistentLevel.SpotLight_UAID_F02F7430750226B402_1525110273
 |- Actor Package: /Game/__ExternalActors__/Level_2/1/3B/Y33IP74C4U7R6Y1NP9PATB
 |- Actor Path: /Game/Level_2.Level_2:PersistentLevel.SpotLight_UAID_F02F7430750226B402_1533969274
 |- Actor Package: /Game/__ExternalActors__/Level_2/3/7G/DWDS3YVDCODR1ESZN3ZUUX
 |- Actor Path: /Game/Level_2.Level_2:PersistentLevel.SpotLight_UAID_F02F7430750226B402_1823695275
 |- Actor Package: /Game/__ExternalActors__/Level_2/9/2V/JJOSF8N0MSPNZGYMWJON5Z
 |- Actor Path: /Game/Level_2.Level_2:PersistentLevel.SpotLight_UAID_F02F7430750226B402_1996244276
 |- Actor Package: /Game/__ExternalActors__/Level_2/3/QU/ADWO43SCDIOX6IFCPE500P
 |- Actor Path: /Game/Level_2.Level_2:PersistentLevel.SpotLight_UAID_F02F7430750226B402_2015946277
 |- Actor Package: /Game/__ExternalActors__/Level_2/3/5V/QF9C2GGGITMCTPAOYEQBCX
 |- Actor Path: /Game/Level_2.Level_2:PersistentLevel.SpotLight_UAID_F02F7430750226B402_2028282278
 |- Actor Package: /Game/__ExternalActors__/Level_2/3/GJ/O5XFHYG8XEPHPWWN1DBU60
 |- Actor Path: /Game/Level_2.Level_2:PersistentLevel.SpotLight_UAID_F02F7430750226B402_2040665279
 |- Actor Package: /Game/__ExternalActors__/Level_2/C/ID/XAB1IVVU13MEG3GK5YR1HS
 |- Actor Path: /Game/Level_2.Level_2:PersistentLevel.SpotLight_UAID_F02F7430750226B402_2045085280
 |- Actor Package: /Game/__ExternalActors__/Level_2/A/HV/0BGGR0ZGBEXA60BJ6YMPMK
 |- Actor Path: /Game/Level_2.Level_2:PersistentLevel.SpotLight_UAID_F02F7430750226B402_2061235281
 |- Actor Package: /Game/__ExternalActors__/Level_2/D/G4/X9XFY1EMB2OX1KNEBSIF8H
 |- Actor Path: /Game/Level_2.Level_2:PersistentLevel.SpotLight_UAID_F02F7430750226B402_2065773282
 |- Actor Package: /Game/__ExternalActors__/Level_2/B/67/3CQB8DAGI7O4QG1F4AAZK2
 |- Actor Path: /Game/Level_2.Level_2:PersistentLevel.SpotLight_UAID_F02F7430750226B402_2076582283
 |- Actor Package: /Game/__ExternalActors__/Level_2/D/WS/MPOWO4NL2A1WGOLNT74A0U
 |- Actor Path: /Game/Level_2.Level_2:PersistentLevel.SpotLight_UAID_F02F7430750227B402_1299593461
 |- Actor Package: /Game/__ExternalActors__/Level_2/7/NH/VSXLM7HLNAN31XP1EOH9XS
 |- Actor Path: /Game/Level_2.Level_2:PersistentLevel.StaticMeshActor_UAID_F02F7430750225B402_1456579090
 |- Actor Package: /Game/__ExternalActors__/Level_2/6/MQ/6MUYWLN10TVEOJWS6C9I22
 |- Actor Path: /Game/Level_2.Level_2:PersistentLevel.TextRenderActor_1
 |- Actor Package: /Game/__ExternalActors__/Level_2/8/WL/ZTV929659DLJBRSLBIC34U
 |- Actor Path: /Game/Level_2.Level_2:PersistentLevel.WorldDataLayers
 |- Actor Package: /Game/__ExternalActors__/Level_2/6/7O/6HL9C1HO8SOYJMEDLBKIMU

----------------------------------------------------------------------------------------------------------------
Level_2 - Runtime Hash Set
----------------------------------------------------------------------------------------------------------------

